<?xml version="1.0" encoding="UTF-8"?>
<!-- Generated by org.testng.reporters.JUnitXMLReporter -->
<testsuite ignored="0" hostname="Rakeshs-MacBook-Air.local" failures="0" tests="22" name="Smoke Tests" time="31.892" errors="0" timestamp="2026-05-22T09:42:19 IST">
  <testcase classname="com.saucedemo.tests.LoginTest" name="validLoginTest" time="0.417"/>
  <testcase classname="com.saucedemo.tests.CartTest" name="addProductToCartTest" time="0.499"/>
  <testcase classname="com.saucedemo.tests.LoginTest" name="invalidLoginTest" time="0.943"/>
  <testcase classname="com.saucedemo.tests.CartTest" name="removeProductFromCartTest" time="0.241">
    <skipped/>
  </testcase> <!-- removeProductFromCartTest -->
  <testcase classname="com.saucedemo.tests.CartTest" name="verifyCartCountTest" time="0.224">
    <skipped/>
  </testcase> <!-- verifyCartCountTest -->
  <testcase classname="com.saucedemo.tests.CartTest" name="removeProductFromCartTest" time="0.095">
    <skipped/>
  </testcase> <!-- removeProductFromCartTest -->
  <testcase classname="com.saucedemo.tests.CartTest" name="verifyCartCountTest" time="0.214">
    <skipped/>
  </testcase> <!-- verifyCartCountTest -->
  <testcase classname="com.saucedemo.tests.CartTest" name="verifyCartCountTest" time="0.132"/>
  <testcase classname="com.saucedemo.tests.CheckoutTest" name="completeCheckoutTest" time="0.345"/>
  <testcase classname="com.saucedemo.tests.CheckoutTest" name="verifyCartItemsBeforeCheckoutTest" time="0.01"/>
  <testcase classname="com.saucedemo.tests.CheckoutTest" name="checkoutWithoutInfoTest" time="10.445">
    <skipped/>
  </testcase> <!-- checkoutWithoutInfoTest -->
  <testcase classname="com.saucedemo.tests.LogoutAndSortTest" name="logoutTest" time="0.446"/>
  <testcase classname="com.saucedemo.tests.CheckoutTest" name="checkoutWithoutInfoTest" time="0.1"/>
  <testcase classname="com.saucedemo.tests.LogoutAndSortTest" name="sortProductsAtoZTest" time="0.095"/>
  <testcase classname="com.saucedemo.tests.CartTest" name="removeProductFromCartTest" time="10.166"/>
  <testcase classname="com.saucedemo.tests.LogoutAndSortTest" name="sortProductsHighToLowTest" time="0.267"/>
  <testcase classname="com.saucedemo.tests.LogoutAndSortTest" name="sortProductsLowToHighTest" time="0.106"/>
  <testcase classname="com.saucedemo.tests.DataDrivenLoginTest" name="loginTest" time="0.173"/>
  <testcase classname="com.saucedemo.tests.DataDrivenLoginTest" name="loginTest" time="0.188"/>
  <testcase classname="com.saucedemo.tests.DataDrivenLoginTest" name="loginTest" time="0.206"/>
  <testcase classname="com.saucedemo.tests.DataDrivenLoginTest" name="loginTest" time="0.176"/>
  <testcase classname="com.saucedemo.tests.DataDrivenLoginTest" name="loginTest" time="0.185"/>
</testsuite> <!-- Smoke Tests -->
