<?xml version="1.0" encoding="UTF-8"?>
<!-- Generated by org.testng.reporters.JUnitXMLReporter -->
<testsuite ignored="0" hostname="Rakeshs-MacBook-Air.local" failures="0" tests="4" name="Default test" time="8.451" errors="0" timestamp="2026-05-22T09:22:43 IST">
  <testcase classname="com.saucedemo.tests.LogoutAndSortTest" name="logoutTest" time="0.221"/>
  <testcase classname="com.saucedemo.tests.LogoutAndSortTest" name="sortProductsAtoZTest" time="0.096"/>
  <testcase classname="com.saucedemo.tests.LogoutAndSortTest" name="sortProductsHighToLowTest" time="0.112"/>
  <testcase classname="com.saucedemo.tests.LogoutAndSortTest" name="sortProductsLowToHighTest" time="0.11"/>
</testsuite> <!-- Default test -->
