<?xml version="1.0" encoding="UTF-8"?>
<testng-results retried="5" ignored="0" total="22" passed="17" failed="0" skipped="0">
  <reporter-output>
  </reporter-output>
  <suite started-at="2026-05-22T09:41:47 IST" name="SauceDemo Test Suite" finished-at="2026-05-22T09:42:19 IST" duration-ms="31892">
    <groups>
    </groups>
    <test started-at="2026-05-22T09:41:47 IST" name="Smoke Tests" finished-at="2026-05-22T09:42:19 IST" duration-ms="31892">
      <class name="com.saucedemo.tests.LoginTest">
        <test-method is-config="true" signature="setUp()[pri:0, instance:com.saucedemo.tests.LoginTest@16f7b4af]" started-at="2026-05-22T09:41:47 IST" name="setUp" finished-at="2026-05-22T09:41:50 IST" duration-ms="3626" status="PASS">
          <reporter-output>
          </reporter-output>
        </test-method> <!-- setUp -->
        <test-method is-config="true" signature="setUp()[pri:0, instance:com.saucedemo.tests.LoginTest@16f7b4af]" started-at="2026-05-22T09:41:47 IST" name="setUp" finished-at="2026-05-22T09:41:50 IST" duration-ms="3297" status="PASS">
          <reporter-output>
          </reporter-output>
        </test-method> <!-- setUp -->
        <test-method signature="validLoginTest()[pri:0, instance:com.saucedemo.tests.LoginTest@16f7b4af]" started-at="2026-05-22T09:41:50 IST" name="validLoginTest" finished-at="2026-05-22T09:41:51 IST" duration-ms="417" status="PASS">
          <reporter-output>
          </reporter-output>
        </test-method> <!-- validLoginTest -->
        <test-method signature="invalidLoginTest()[pri:0, instance:com.saucedemo.tests.LoginTest@16f7b4af]" started-at="2026-05-22T09:41:50 IST" name="invalidLoginTest" finished-at="2026-05-22T09:41:51 IST" duration-ms="943" status="PASS">
          <reporter-output>
          </reporter-output>
        </test-method> <!-- invalidLoginTest -->
        <test-method is-config="true" signature="tearDown(org.testng.ITestResult)[pri:0, instance:com.saucedemo.tests.LoginTest@16f7b4af]" started-at="2026-05-22T09:41:51 IST" name="tearDown" finished-at="2026-05-22T09:41:51 IST" duration-ms="213" status="PASS">
          <params>
            <param index="0">
              <value>
                <![CDATA[[TestResult name=validLoginTest status=SUCCESS method=LoginTest.validLoginTest()[pri:0, instance:com.saucedemo.tests.LoginTest@16f7b4af] output={null}]]]>
              </value>
            </param>
          </params>
          <reporter-output>
          </reporter-output>
        </test-method> <!-- tearDown -->
        <test-method is-config="true" signature="tearDown(org.testng.ITestResult)[pri:0, instance:com.saucedemo.tests.LoginTest@16f7b4af]" started-at="2026-05-22T09:41:51 IST" name="tearDown" finished-at="2026-05-22T09:41:52 IST" duration-ms="332" status="PASS">
          <params>
            <param index="0">
              <value>
                <![CDATA[[TestResult name=invalidLoginTest status=SUCCESS method=LoginTest.invalidLoginTest()[pri:0, instance:com.saucedemo.tests.LoginTest@16f7b4af] output={null}]]]>
              </value>
            </param>
          </params>
          <reporter-output>
          </reporter-output>
        </test-method> <!-- tearDown -->
      </class> <!-- com.saucedemo.tests.LoginTest -->
      <class name="com.saucedemo.tests.DataDrivenLoginTest">
        <test-method is-config="true" signature="setUp()[pri:0, instance:com.saucedemo.tests.DataDrivenLoginTest@24faea88]" started-at="2026-05-22T09:42:09 IST" name="setUp" finished-at="2026-05-22T09:42:11 IST" duration-ms="1816" status="PASS">
          <reporter-output>
          </reporter-output>
        </test-method> <!-- setUp -->
        <test-method signature="loginTest(java.lang.String,java.lang.String,java.lang.String,java.lang.String)[pri:0, instance:com.saucedemo.tests.DataDrivenLoginTest@24faea88]" started-at="2026-05-22T09:42:11 IST" name="loginTest" data-provider="loginData" finished-at="2026-05-22T09:42:11 IST" duration-ms="173" status="PASS">
          <params>
            <param index="0">
              <value>
                <![CDATA[standard_user]]>
              </value>
            </param>
            <param index="1">
              <value>
                <![CDATA[secret_sauce]]>
              </value>
            </param>
            <param index="2">
              <value>
                <![CDATA[success]]>
              </value>
            </param>
            <param index="3">
              <value>
                <![CDATA[inventory]]>
              </value>
            </param>
          </params>
          <reporter-output>
          </reporter-output>
        </test-method> <!-- loginTest -->
        <test-method is-config="true" signature="tearDown(org.testng.ITestResult)[pri:0, instance:com.saucedemo.tests.DataDrivenLoginTest@24faea88]" started-at="2026-05-22T09:42:11 IST" name="tearDown" finished-at="2026-05-22T09:42:11 IST" duration-ms="93" status="PASS">
          <params>
            <param index="0">
              <value>
                <![CDATA[[TestResult name=loginTest status=SUCCESS method=DataDrivenLoginTest.loginTest(java.lang.String,java.lang.String,java.lang.String,java.lang.String)[pri:0, instance:com.saucedemo.tests.DataDrivenLoginTest@24faea88] output={null}]]]>
              </value>
            </param>
          </params>
          <reporter-output>
          </reporter-output>
        </test-method> <!-- tearDown -->
        <test-method is-config="true" signature="setUp()[pri:0, instance:com.saucedemo.tests.DataDrivenLoginTest@24faea88]" started-at="2026-05-22T09:42:11 IST" name="setUp" finished-at="2026-05-22T09:42:13 IST" duration-ms="1574" status="PASS">
          <reporter-output>
          </reporter-output>
        </test-method> <!-- setUp -->
        <test-method signature="loginTest(java.lang.String,java.lang.String,java.lang.String,java.lang.String)[pri:0, instance:com.saucedemo.tests.DataDrivenLoginTest@24faea88]" started-at="2026-05-22T09:42:13 IST" name="loginTest" data-provider="loginData" finished-at="2026-05-22T09:42:13 IST" duration-ms="188" status="PASS">
          <params>
            <param index="0">
              <value>
                <![CDATA[locked_out_user]]>
              </value>
            </param>
            <param index="1">
              <value>
                <![CDATA[secret_sauce]]>
              </value>
            </param>
            <param index="2">
              <value>
                <![CDATA[failure]]>
              </value>
            </param>
            <param index="3">
              <value>
                <![CDATA[Sorry, this user has been locked out]]>
              </value>
            </param>
          </params>
          <reporter-output>
          </reporter-output>
        </test-method> <!-- loginTest -->
        <test-method is-config="true" signature="tearDown(org.testng.ITestResult)[pri:0, instance:com.saucedemo.tests.DataDrivenLoginTest@24faea88]" started-at="2026-05-22T09:42:13 IST" name="tearDown" finished-at="2026-05-22T09:42:13 IST" duration-ms="87" status="PASS">
          <params>
            <param index="0">
              <value>
                <![CDATA[[TestResult name=loginTest status=SUCCESS method=DataDrivenLoginTest.loginTest(java.lang.String,java.lang.String,java.lang.String,java.lang.String)[pri:0, instance:com.saucedemo.tests.DataDrivenLoginTest@24faea88] output={null}]]]>
              </value>
            </param>
          </params>
          <reporter-output>
          </reporter-output>
        </test-method> <!-- tearDown -->
        <test-method is-config="true" signature="setUp()[pri:0, instance:com.saucedemo.tests.DataDrivenLoginTest@24faea88]" started-at="2026-05-22T09:42:13 IST" name="setUp" finished-at="2026-05-22T09:42:15 IST" duration-ms="1683" status="PASS">
          <reporter-output>
          </reporter-output>
        </test-method> <!-- setUp -->
        <test-method signature="loginTest(java.lang.String,java.lang.String,java.lang.String,java.lang.String)[pri:0, instance:com.saucedemo.tests.DataDrivenLoginTest@24faea88]" started-at="2026-05-22T09:42:15 IST" name="loginTest" data-provider="loginData" finished-at="2026-05-22T09:42:15 IST" duration-ms="206" status="PASS">
          <params>
            <param index="0">
              <value>
                <![CDATA[wrong_user]]>
              </value>
            </param>
            <param index="1">
              <value>
                <![CDATA[wrong_pass]]>
              </value>
            </param>
            <param index="2">
              <value>
                <![CDATA[failure]]>
              </value>
            </param>
            <param index="3">
              <value>
                <![CDATA[Username and password do not match]]>
              </value>
            </param>
          </params>
          <reporter-output>
          </reporter-output>
        </test-method> <!-- loginTest -->
        <test-method is-config="true" signature="tearDown(org.testng.ITestResult)[pri:0, instance:com.saucedemo.tests.DataDrivenLoginTest@24faea88]" started-at="2026-05-22T09:42:15 IST" name="tearDown" finished-at="2026-05-22T09:42:15 IST" duration-ms="88" status="PASS">
          <params>
            <param index="0">
              <value>
                <![CDATA[[TestResult name=loginTest status=SUCCESS method=DataDrivenLoginTest.loginTest(java.lang.String,java.lang.String,java.lang.String,java.lang.String)[pri:0, instance:com.saucedemo.tests.DataDrivenLoginTest@24faea88] output={null}]]]>
              </value>
            </param>
          </params>
          <reporter-output>
          </reporter-output>
        </test-method> <!-- tearDown -->
        <test-method is-config="true" signature="setUp()[pri:0, instance:com.saucedemo.tests.DataDrivenLoginTest@24faea88]" started-at="2026-05-22T09:42:15 IST" name="setUp" finished-at="2026-05-22T09:42:17 IST" duration-ms="1499" status="PASS">
          <reporter-output>
          </reporter-output>
        </test-method> <!-- setUp -->
        <test-method signature="loginTest(java.lang.String,java.lang.String,java.lang.String,java.lang.String)[pri:0, instance:com.saucedemo.tests.DataDrivenLoginTest@24faea88]" started-at="2026-05-22T09:42:17 IST" name="loginTest" data-provider="loginData" finished-at="2026-05-22T09:42:17 IST" duration-ms="176" status="PASS">
          <params>
            <param index="0">
              <value>
                <![CDATA[standard_user]]>
              </value>
            </param>
            <param index="1">
              <value>
                <![CDATA[]]>
              </value>
            </param>
            <param index="2">
              <value>
                <![CDATA[failure]]>
              </value>
            </param>
            <param index="3">
              <value>
                <![CDATA[Password is required]]>
              </value>
            </param>
          </params>
          <reporter-output>
          </reporter-output>
        </test-method> <!-- loginTest -->
        <test-method is-config="true" signature="tearDown(org.testng.ITestResult)[pri:0, instance:com.saucedemo.tests.DataDrivenLoginTest@24faea88]" started-at="2026-05-22T09:42:17 IST" name="tearDown" finished-at="2026-05-22T09:42:17 IST" duration-ms="90" status="PASS">
          <params>
            <param index="0">
              <value>
                <![CDATA[[TestResult name=loginTest status=SUCCESS method=DataDrivenLoginTest.loginTest(java.lang.String,java.lang.String,java.lang.String,java.lang.String)[pri:0, instance:com.saucedemo.tests.DataDrivenLoginTest@24faea88] output={null}]]]>
              </value>
            </param>
          </params>
          <reporter-output>
          </reporter-output>
        </test-method> <!-- tearDown -->
        <test-method is-config="true" signature="setUp()[pri:0, instance:com.saucedemo.tests.DataDrivenLoginTest@24faea88]" started-at="2026-05-22T09:42:17 IST" name="setUp" finished-at="2026-05-22T09:42:18 IST" duration-ms="1642" status="PASS">
          <reporter-output>
          </reporter-output>
        </test-method> <!-- setUp -->
        <test-method signature="loginTest(java.lang.String,java.lang.String,java.lang.String,java.lang.String)[pri:0, instance:com.saucedemo.tests.DataDrivenLoginTest@24faea88]" started-at="2026-05-22T09:42:18 IST" name="loginTest" data-provider="loginData" finished-at="2026-05-22T09:42:19 IST" duration-ms="185" status="PASS">
          <params>
            <param index="0">
              <value>
                <![CDATA[]]>
              </value>
            </param>
            <param index="1">
              <value>
                <![CDATA[secret_sauce]]>
              </value>
            </param>
            <param index="2">
              <value>
                <![CDATA[failure]]>
              </value>
            </param>
            <param index="3">
              <value>
                <![CDATA[Username is required]]>
              </value>
            </param>
          </params>
          <reporter-output>
          </reporter-output>
        </test-method> <!-- loginTest -->
        <test-method is-config="true" signature="tearDown(org.testng.ITestResult)[pri:0, instance:com.saucedemo.tests.DataDrivenLoginTest@24faea88]" started-at="2026-05-22T09:42:19 IST" name="tearDown" finished-at="2026-05-22T09:42:19 IST" duration-ms="83" status="PASS">
          <params>
            <param index="0">
              <value>
                <![CDATA[[TestResult name=loginTest status=SUCCESS method=DataDrivenLoginTest.loginTest(java.lang.String,java.lang.String,java.lang.String,java.lang.String)[pri:0, instance:com.saucedemo.tests.DataDrivenLoginTest@24faea88] output={null}]]]>
              </value>
            </param>
          </params>
          <reporter-output>
          </reporter-output>
        </test-method> <!-- tearDown -->
      </class> <!-- com.saucedemo.tests.DataDrivenLoginTest -->
      <class name="com.saucedemo.tests.CheckoutTest">
        <test-method is-config="true" signature="setUp()[pri:0, instance:com.saucedemo.tests.CheckoutTest@6d366c9b]" started-at="2026-05-22T09:41:52 IST" name="setUp" finished-at="2026-05-22T09:41:54 IST" duration-ms="2532" status="PASS">
          <reporter-output>
          </reporter-output>
        </test-method> <!-- setUp -->
        <test-method is-config="true" signature="setup()[pri:0, instance:com.saucedemo.tests.CheckoutTest@6d366c9b]" started-at="2026-05-22T09:41:54 IST" name="setup" finished-at="2026-05-22T09:41:55 IST" duration-ms="718" status="PASS">
          <reporter-output>
          </reporter-output>
        </test-method> <!-- setup -->
        <test-method retried="true" signature="checkoutWithoutInfoTest()[pri:0, instance:com.saucedemo.tests.CheckoutTest@6d366c9b]" started-at="2026-05-22T09:41:55 IST" name="checkoutWithoutInfoTest" finished-at="2026-05-22T09:42:05 IST" duration-ms="10445" status="SKIP">
          <exception class="org.openqa.selenium.NoSuchElementException">
            <message>
              <![CDATA[no such element: Unable to locate element: {"method":"css selector","selector":"[data-test='error']"}
  (Session info: chrome=148.0.7778.169)
For documentation on this error, please visit: https://www.selenium.dev/documentation/webdriver/troubleshooting/errors#nosuchelementexception
Build info: version: '4.44.0', revision: 'da2039b'
System info: os.name: 'Mac OS X', os.arch: 'aarch64', os.version: '26.5', java.version: '21.0.10'
Driver info: org.openqa.selenium.chrome.ChromeDriver
Command: [e2f0c1ab87aafec9c76f30d2a5c92060, findElement {using=css selector, value=[data-test='error']}]
Capabilities {acceptInsecureCerts: false, browserName: chrome, browserVersion: 148.0.7778.169, chrome: {chromedriverVersion: 148.0.7778.178 (d096af1c9e9..., userDataDir: /var/folders/4c/gt2kcd5d44l...}, fedcm:accounts: true, goog:chromeOptions: {debuggerAddress: localhost:52351}, goog:processID: 6055, networkConnectionEnabled: false, pageLoadStrategy: normal, platformName: mac, proxy: Proxy(), se:cdp: ws://localhost:52351/devtoo..., se:cdpVersion: 148.0.7778.169, setWindowRect: true, strictFileInteractability: false, timeouts: {implicit: 0, pageLoad: 300000, script: 30000}, unhandledPromptBehavior: dismiss and notify, webauthn:extension:credBlob: true, webauthn:extension:largeBlob: true, webauthn:extension:minPinLength: true, webauthn:extension:prf: true, webauthn:virtualAuthenticators: true}
Session ID: e2f0c1ab87aafec9c76f30d2a5c92060]]>
            </message>
            <full-stacktrace>
              <![CDATA[org.openqa.selenium.NoSuchElementException: no such element: Unable to locate element: {"method":"css selector","selector":"[data-test='error']"}
  (Session info: chrome=148.0.7778.169)
For documentation on this error, please visit: https://www.selenium.dev/documentation/webdriver/troubleshooting/errors#nosuchelementexception
Build info: version: '4.44.0', revision: 'da2039b'
System info: os.name: 'Mac OS X', os.arch: 'aarch64', os.version: '26.5', java.version: '21.0.10'
Driver info: org.openqa.selenium.chrome.ChromeDriver
Command: [e2f0c1ab87aafec9c76f30d2a5c92060, findElement {using=css selector, value=[data-test='error']}]
Capabilities {acceptInsecureCerts: false, browserName: chrome, browserVersion: 148.0.7778.169, chrome: {chromedriverVersion: 148.0.7778.178 (d096af1c9e9..., userDataDir: /var/folders/4c/gt2kcd5d44l...}, fedcm:accounts: true, goog:chromeOptions: {debuggerAddress: localhost:52351}, goog:processID: 6055, networkConnectionEnabled: false, pageLoadStrategy: normal, platformName: mac, proxy: Proxy(), se:cdp: ws://localhost:52351/devtoo..., se:cdpVersion: 148.0.7778.169, setWindowRect: true, strictFileInteractability: false, timeouts: {implicit: 0, pageLoad: 300000, script: 30000}, unhandledPromptBehavior: dismiss and notify, webauthn:extension:credBlob: true, webauthn:extension:largeBlob: true, webauthn:extension:minPinLength: true, webauthn:extension:prf: true, webauthn:virtualAuthenticators: true}
Session ID: e2f0c1ab87aafec9c76f30d2a5c92060
at org.openqa.selenium.remote.ErrorCodec.decode(ErrorCodec.java:169)
at org.openqa.selenium.remote.codec.w3c.W3CHttpResponseCodec.decode(W3CHttpResponseCodec.java:143)
at org.openqa.selenium.remote.codec.w3c.W3CHttpResponseCodec.decode(W3CHttpResponseCodec.java:50)
at org.openqa.selenium.remote.HttpCommandExecutor.execute(HttpCommandExecutor.java:224)
at org.openqa.selenium.remote.service.DriverCommandExecutor.invokeExecute(DriverCommandExecutor.java:217)
at org.openqa.selenium.remote.service.DriverCommandExecutor.execute(DriverCommandExecutor.java:175)
at org.openqa.selenium.remote.RemoteWebDriver.execute(RemoteWebDriver.java:600)
at org.openqa.selenium.remote.ElementLocation$ElementFinder$2.findElement(ElementLocation.java:173)
at org.openqa.selenium.remote.ElementLocation.findElement(ElementLocation.java:60)
at org.openqa.selenium.remote.RemoteWebDriver.findElement(RemoteWebDriver.java:421)
at org.openqa.selenium.remote.RemoteWebDriver.findElement(RemoteWebDriver.java:415)
at org.openqa.selenium.support.pagefactory.DefaultElementLocator.findElement(DefaultElementLocator.java:69)
at org.openqa.selenium.support.pagefactory.internal.LocatingElementHandler.invoke(LocatingElementHandler.java:38)
at jdk.proxy2/jdk.proxy2.$Proxy30.getText(Unknown Source)
at com.saucedemo.pages.CheckoutPage.getErrorMessage(CheckoutPage.java:90)
at com.saucedemo.tests.CheckoutTest.checkoutWithoutInfoTest(CheckoutTest.java:59)
at java.base/jdk.internal.reflect.DirectMethodHandleAccessor.invoke(DirectMethodHandleAccessor.java:103)
at java.base/java.lang.reflect.Method.invoke(Method.java:580)
at org.testng.internal.invokers.MethodInvocationHelper.invokeMethod(MethodInvocationHelper.java:141)
at org.testng.internal.invokers.TestInvoker.invokeMethod(TestInvoker.java:697)
at org.testng.internal.invokers.TestInvoker.invokeTestMethod(TestInvoker.java:230)
at org.testng.internal.invokers.MethodRunner.runInSequence(MethodRunner.java:63)
at org.testng.internal.invokers.TestInvoker$MethodInvocationAgent.invoke(TestInvoker.java:1005)
at org.testng.internal.invokers.TestInvoker.invokeTestMethods(TestInvoker.java:203)
at org.testng.internal.invokers.TestMethodWorker.invokeTestMethods(TestMethodWorker.java:154)
at org.testng.internal.invokers.TestMethodWorker.run(TestMethodWorker.java:134)
at java.base/java.util.concurrent.Executors$RunnableAdapter.call(Executors.java:572)
at java.base/java.util.concurrent.FutureTask.run(FutureTask.java:317)
at org.testng.internal.thread.graph.TestNGFutureTask.run(TestNGFutureTask.java:22)
at java.base/java.util.concurrent.ThreadPoolExecutor.runWorker(ThreadPoolExecutor.java:1144)
at java.base/java.util.concurrent.ThreadPoolExecutor$Worker.run(ThreadPoolExecutor.java:642)
at java.base/java.lang.Thread.run(Thread.java:1583)
]]>
            </full-stacktrace>
          </exception> <!-- org.openqa.selenium.NoSuchElementException -->
          <reporter-output>
          </reporter-output>
        </test-method> <!-- checkoutWithoutInfoTest -->
        <test-method is-config="true" signature="setUp()[pri:0, instance:com.saucedemo.tests.CheckoutTest@6d366c9b]" started-at="2026-05-22T09:41:59 IST" name="setUp" finished-at="2026-05-22T09:42:01 IST" duration-ms="1559" status="PASS">
          <reporter-output>
          </reporter-output>
        </test-method> <!-- setUp -->
        <test-method is-config="true" signature="setup()[pri:0, instance:com.saucedemo.tests.CheckoutTest@6d366c9b]" started-at="2026-05-22T09:42:01 IST" name="setup" finished-at="2026-05-22T09:42:01 IST" duration-ms="249" status="PASS">
          <reporter-output>
          </reporter-output>
        </test-method> <!-- setup -->
        <test-method signature="completeCheckoutTest()[pri:0, instance:com.saucedemo.tests.CheckoutTest@6d366c9b]" started-at="2026-05-22T09:42:01 IST" name="completeCheckoutTest" finished-at="2026-05-22T09:42:01 IST" duration-ms="345" status="PASS">
          <reporter-output>
          </reporter-output>
        </test-method> <!-- completeCheckoutTest -->
        <test-method is-config="true" signature="tearDown(org.testng.ITestResult)[pri:0, instance:com.saucedemo.tests.CheckoutTest@6d366c9b]" started-at="2026-05-22T09:42:01 IST" name="tearDown" finished-at="2026-05-22T09:42:02 IST" duration-ms="86" status="PASS">
          <params>
            <param index="0">
              <value>
                <![CDATA[[TestResult name=completeCheckoutTest status=SUCCESS method=CheckoutTest.completeCheckoutTest()[pri:0, instance:com.saucedemo.tests.CheckoutTest@6d366c9b] output={null}]]]>
              </value>
            </param>
          </params>
          <reporter-output>
          </reporter-output>
        </test-method> <!-- tearDown -->
        <test-method is-config="true" signature="setUp()[pri:0, instance:com.saucedemo.tests.CheckoutTest@6d366c9b]" started-at="2026-05-22T09:42:02 IST" name="setUp" finished-at="2026-05-22T09:42:03 IST" duration-ms="1596" status="PASS">
          <reporter-output>
          </reporter-output>
        </test-method> <!-- setUp -->
        <test-method is-config="true" signature="setup()[pri:0, instance:com.saucedemo.tests.CheckoutTest@6d366c9b]" started-at="2026-05-22T09:42:03 IST" name="setup" finished-at="2026-05-22T09:42:03 IST" duration-ms="264" status="PASS">
          <reporter-output>
          </reporter-output>
        </test-method> <!-- setup -->
        <test-method signature="verifyCartItemsBeforeCheckoutTest()[pri:0, instance:com.saucedemo.tests.CheckoutTest@6d366c9b]" started-at="2026-05-22T09:42:03 IST" name="verifyCartItemsBeforeCheckoutTest" finished-at="2026-05-22T09:42:03 IST" duration-ms="10" status="PASS">
          <reporter-output>
          </reporter-output>
        </test-method> <!-- verifyCartItemsBeforeCheckoutTest -->
        <test-method is-config="true" signature="tearDown(org.testng.ITestResult)[pri:0, instance:com.saucedemo.tests.CheckoutTest@6d366c9b]" started-at="2026-05-22T09:42:03 IST" name="tearDown" finished-at="2026-05-22T09:42:03 IST" duration-ms="91" status="PASS">
          <params>
            <param index="0">
              <value>
                <![CDATA[[TestResult name=verifyCartItemsBeforeCheckoutTest status=SUCCESS method=CheckoutTest.verifyCartItemsBeforeCheckoutTest()[pri:0, instance:com.saucedemo.tests.CheckoutTest@6d366c9b] output={null}]]]>
              </value>
            </param>
          </params>
          <reporter-output>
          </reporter-output>
        </test-method> <!-- tearDown -->
        <test-method is-config="true" signature="tearDown(org.testng.ITestResult)[pri:0, instance:com.saucedemo.tests.CheckoutTest@6d366c9b]" started-at="2026-05-22T09:42:05 IST" name="tearDown" finished-at="2026-05-22T09:42:06 IST" duration-ms="94" status="PASS">
          <params>
            <param index="0">
              <value>
                <![CDATA[[TestResult name=checkoutWithoutInfoTest status=SKIP method=CheckoutTest.checkoutWithoutInfoTest()[pri:0, instance:com.saucedemo.tests.CheckoutTest@6d366c9b] output={null}]]]>
              </value>
            </param>
          </params>
          <reporter-output>
          </reporter-output>
        </test-method> <!-- tearDown -->
        <test-method is-config="true" signature="setUp()[pri:0, instance:com.saucedemo.tests.CheckoutTest@6d366c9b]" started-at="2026-05-22T09:42:06 IST" name="setUp" finished-at="2026-05-22T09:42:07 IST" duration-ms="1701" status="PASS">
          <reporter-output>
          </reporter-output>
        </test-method> <!-- setUp -->
        <test-method is-config="true" signature="setup()[pri:0, instance:com.saucedemo.tests.CheckoutTest@6d366c9b]" started-at="2026-05-22T09:42:07 IST" name="setup" finished-at="2026-05-22T09:42:07 IST" duration-ms="284" status="PASS">
          <reporter-output>
          </reporter-output>
        </test-method> <!-- setup -->
        <test-method signature="checkoutWithoutInfoTest()[pri:0, instance:com.saucedemo.tests.CheckoutTest@6d366c9b]" started-at="2026-05-22T09:42:07 IST" name="checkoutWithoutInfoTest" finished-at="2026-05-22T09:42:08 IST" duration-ms="100" status="PASS">
          <reporter-output>
          </reporter-output>
        </test-method> <!-- checkoutWithoutInfoTest -->
        <test-method is-config="true" signature="tearDown(org.testng.ITestResult)[pri:0, instance:com.saucedemo.tests.CheckoutTest@6d366c9b]" started-at="2026-05-22T09:42:08 IST" name="tearDown" finished-at="2026-05-22T09:42:08 IST" duration-ms="91" status="PASS">
          <params>
            <param index="0">
              <value>
                <![CDATA[[TestResult name=checkoutWithoutInfoTest status=SUCCESS method=CheckoutTest.checkoutWithoutInfoTest()[pri:0, instance:com.saucedemo.tests.CheckoutTest@6d366c9b] output={null}]]]>
              </value>
            </param>
          </params>
          <reporter-output>
          </reporter-output>
        </test-method> <!-- tearDown -->
      </class> <!-- com.saucedemo.tests.CheckoutTest -->
      <class name="com.saucedemo.tests.CartTest">
        <test-method is-config="true" signature="setUp()[pri:0, instance:com.saucedemo.tests.CartTest@b40bb6e]" started-at="2026-05-22T09:41:47 IST" name="setUp" finished-at="2026-05-22T09:41:50 IST" duration-ms="2791" status="PASS">
          <reporter-output>
          </reporter-output>
        </test-method> <!-- setUp -->
        <test-method is-config="true" signature="login()[pri:0, instance:com.saucedemo.tests.CartTest@b40bb6e]" started-at="2026-05-22T09:41:50 IST" name="login" finished-at="2026-05-22T09:41:50 IST" duration-ms="796" status="PASS">
          <reporter-output>
          </reporter-output>
        </test-method> <!-- login -->
        <test-method signature="addProductToCartTest()[pri:0, instance:com.saucedemo.tests.CartTest@b40bb6e]" started-at="2026-05-22T09:41:50 IST" name="addProductToCartTest" finished-at="2026-05-22T09:41:51 IST" duration-ms="499" status="PASS">
          <reporter-output>
          </reporter-output>
        </test-method> <!-- addProductToCartTest -->
        <test-method is-config="true" signature="setUp()[pri:0, instance:com.saucedemo.tests.CartTest@b40bb6e]" started-at="2026-05-22T09:41:51 IST" name="setUp" finished-at="2026-05-22T09:41:54 IST" duration-ms="2799" status="PASS">
          <reporter-output>
          </reporter-output>
        </test-method> <!-- setUp -->
        <test-method is-config="true" signature="tearDown(org.testng.ITestResult)[pri:0, instance:com.saucedemo.tests.CartTest@b40bb6e]" started-at="2026-05-22T09:41:51 IST" name="tearDown" finished-at="2026-05-22T09:41:51 IST" duration-ms="149" status="PASS">
          <params>
            <param index="0">
              <value>
                <![CDATA[[TestResult name=addProductToCartTest status=SUCCESS method=CartTest.addProductToCartTest()[pri:0, instance:com.saucedemo.tests.CartTest@b40bb6e] output={null}]]]>
              </value>
            </param>
          </params>
          <reporter-output>
          </reporter-output>
        </test-method> <!-- tearDown -->
        <test-method is-config="true" signature="setUp()[pri:0, instance:com.saucedemo.tests.CartTest@b40bb6e]" started-at="2026-05-22T09:41:51 IST" name="setUp" finished-at="2026-05-22T09:41:54 IST" duration-ms="2552" status="PASS">
          <reporter-output>
          </reporter-output>
        </test-method> <!-- setUp -->
        <test-method is-config="true" signature="login()[pri:0, instance:com.saucedemo.tests.CartTest@b40bb6e]" started-at="2026-05-22T09:41:54 IST" name="login" finished-at="2026-05-22T09:41:54 IST" duration-ms="249" status="PASS">
          <reporter-output>
          </reporter-output>
        </test-method> <!-- login -->
        <test-method is-config="true" signature="login()[pri:0, instance:com.saucedemo.tests.CartTest@b40bb6e]" started-at="2026-05-22T09:41:54 IST" name="login" finished-at="2026-05-22T09:41:54 IST" duration-ms="253" status="PASS">
          <reporter-output>
          </reporter-output>
        </test-method> <!-- login -->
        <test-method retried="true" signature="removeProductFromCartTest()[pri:0, instance:com.saucedemo.tests.CartTest@b40bb6e]" started-at="2026-05-22T09:41:54 IST" name="removeProductFromCartTest" finished-at="2026-05-22T09:41:54 IST" duration-ms="241" status="SKIP">
          <exception class="java.lang.AssertionError">
            <message>
              <![CDATA[Cart badge should disappear after removing product! expected [false] but found [true]]]>
            </message>
            <full-stacktrace>
              <![CDATA[java.lang.AssertionError: Cart badge should disappear after removing product! expected [false] but found [true]
at org.testng.Assert.fail(Assert.java:111)
at org.testng.Assert.failNotEquals(Assert.java:1590)
at org.testng.Assert.assertFalse(Assert.java:79)
at com.saucedemo.tests.CartTest.removeProductFromCartTest(CartTest.java:49)
at java.base/jdk.internal.reflect.DirectMethodHandleAccessor.invoke(DirectMethodHandleAccessor.java:103)
at java.base/java.lang.reflect.Method.invoke(Method.java:580)
at org.testng.internal.invokers.MethodInvocationHelper.invokeMethod(MethodInvocationHelper.java:141)
at org.testng.internal.invokers.TestInvoker.invokeMethod(TestInvoker.java:697)
at org.testng.internal.invokers.TestInvoker.invokeTestMethod(TestInvoker.java:230)
at org.testng.internal.invokers.MethodRunner.runInSequence(MethodRunner.java:63)
at org.testng.internal.invokers.TestInvoker$MethodInvocationAgent.invoke(TestInvoker.java:1005)
at org.testng.internal.invokers.TestInvoker.invokeTestMethods(TestInvoker.java:203)
at org.testng.internal.invokers.TestMethodWorker.invokeTestMethods(TestMethodWorker.java:154)
at org.testng.internal.invokers.TestMethodWorker.run(TestMethodWorker.java:134)
at java.base/java.util.concurrent.Executors$RunnableAdapter.call(Executors.java:572)
at java.base/java.util.concurrent.FutureTask.run(FutureTask.java:317)
at org.testng.internal.thread.graph.TestNGFutureTask.run(TestNGFutureTask.java:22)
at java.base/java.util.concurrent.ThreadPoolExecutor.runWorker(ThreadPoolExecutor.java:1144)
at java.base/java.util.concurrent.ThreadPoolExecutor$Worker.run(ThreadPoolExecutor.java:642)
at java.base/java.lang.Thread.run(Thread.java:1583)
]]>
            </full-stacktrace>
          </exception> <!-- java.lang.AssertionError -->
          <reporter-output>
          </reporter-output>
        </test-method> <!-- removeProductFromCartTest -->
        <test-method retried="true" signature="verifyCartCountTest()[pri:0, instance:com.saucedemo.tests.CartTest@b40bb6e]" started-at="2026-05-22T09:41:54 IST" name="verifyCartCountTest" finished-at="2026-05-22T09:41:54 IST" duration-ms="224" status="SKIP">
          <exception class="java.lang.AssertionError">
            <message>
              <![CDATA[Cart count should be 3 after adding 3 products! expected [3] but found [2]]]>
            </message>
            <full-stacktrace>
              <![CDATA[java.lang.AssertionError: Cart count should be 3 after adding 3 products! expected [3] but found [2]
at org.testng.Assert.fail(Assert.java:111)
at org.testng.Assert.failNotEquals(Assert.java:1590)
at org.testng.Assert.assertEqualsImpl(Assert.java:150)
at org.testng.Assert.assertEquals(Assert.java:132)
at org.testng.Assert.assertEquals(Assert.java:656)
at com.saucedemo.tests.CartTest.verifyCartCountTest(CartTest.java:38)
at java.base/jdk.internal.reflect.DirectMethodHandleAccessor.invoke(DirectMethodHandleAccessor.java:103)
at java.base/java.lang.reflect.Method.invoke(Method.java:580)
at org.testng.internal.invokers.MethodInvocationHelper.invokeMethod(MethodInvocationHelper.java:141)
at org.testng.internal.invokers.TestInvoker.invokeMethod(TestInvoker.java:697)
at org.testng.internal.invokers.TestInvoker.invokeTestMethod(TestInvoker.java:230)
at org.testng.internal.invokers.MethodRunner.runInSequence(MethodRunner.java:63)
at org.testng.internal.invokers.TestInvoker$MethodInvocationAgent.invoke(TestInvoker.java:1005)
at org.testng.internal.invokers.TestInvoker.invokeTestMethods(TestInvoker.java:203)
at org.testng.internal.invokers.TestMethodWorker.invokeTestMethods(TestMethodWorker.java:154)
at org.testng.internal.invokers.TestMethodWorker.run(TestMethodWorker.java:134)
at java.base/java.util.concurrent.Executors$RunnableAdapter.call(Executors.java:572)
at java.base/java.util.concurrent.FutureTask.run(FutureTask.java:317)
at org.testng.internal.thread.graph.TestNGFutureTask.run(TestNGFutureTask.java:22)
at java.base/java.util.concurrent.ThreadPoolExecutor.runWorker(ThreadPoolExecutor.java:1144)
at java.base/java.util.concurrent.ThreadPoolExecutor$Worker.run(ThreadPoolExecutor.java:642)
at java.base/java.lang.Thread.run(Thread.java:1583)
]]>
            </full-stacktrace>
          </exception> <!-- java.lang.AssertionError -->
          <reporter-output>
          </reporter-output>
        </test-method> <!-- verifyCartCountTest -->
        <test-method is-config="true" signature="tearDown(org.testng.ITestResult)[pri:0, instance:com.saucedemo.tests.CartTest@b40bb6e]" started-at="2026-05-22T09:41:54 IST" name="tearDown" finished-at="2026-05-22T09:41:54 IST" duration-ms="96" status="PASS">
          <params>
            <param index="0">
              <value>
                <![CDATA[[TestResult name=removeProductFromCartTest status=SKIP method=CartTest.removeProductFromCartTest()[pri:0, instance:com.saucedemo.tests.CartTest@b40bb6e] output={null}]]]>
              </value>
            </param>
          </params>
          <reporter-output>
          </reporter-output>
        </test-method> <!-- tearDown -->
        <test-method is-config="true" signature="tearDown(org.testng.ITestResult)[pri:0, instance:com.saucedemo.tests.CartTest@b40bb6e]" started-at="2026-05-22T09:41:54 IST" name="tearDown" finished-at="2026-05-22T09:41:54 IST" duration-ms="88" status="PASS">
          <params>
            <param index="0">
              <value>
                <![CDATA[[TestResult name=verifyCartCountTest status=SKIP method=CartTest.verifyCartCountTest()[pri:0, instance:com.saucedemo.tests.CartTest@b40bb6e] output={null}]]]>
              </value>
            </param>
          </params>
          <reporter-output>
          </reporter-output>
        </test-method> <!-- tearDown -->
        <test-method is-config="true" signature="setUp()[pri:0, instance:com.saucedemo.tests.CartTest@b40bb6e]" started-at="2026-05-22T09:41:54 IST" name="setUp" finished-at="2026-05-22T09:41:56 IST" duration-ms="2178" status="PASS">
          <reporter-output>
          </reporter-output>
        </test-method> <!-- setUp -->
        <test-method is-config="true" signature="setUp()[pri:0, instance:com.saucedemo.tests.CartTest@b40bb6e]" started-at="2026-05-22T09:41:54 IST" name="setUp" finished-at="2026-05-22T09:41:56 IST" duration-ms="2068" status="PASS">
          <reporter-output>
          </reporter-output>
        </test-method> <!-- setUp -->
        <test-method is-config="true" signature="login()[pri:0, instance:com.saucedemo.tests.CartTest@b40bb6e]" started-at="2026-05-22T09:41:56 IST" name="login" finished-at="2026-05-22T09:41:57 IST" duration-ms="269" status="PASS">
          <reporter-output>
          </reporter-output>
        </test-method> <!-- login -->
        <test-method is-config="true" signature="login()[pri:0, instance:com.saucedemo.tests.CartTest@b40bb6e]" started-at="2026-05-22T09:41:56 IST" name="login" finished-at="2026-05-22T09:41:57 IST" duration-ms="299" status="PASS">
          <reporter-output>
          </reporter-output>
        </test-method> <!-- login -->
        <test-method retried="true" signature="verifyCartCountTest()[pri:0, instance:com.saucedemo.tests.CartTest@b40bb6e]" started-at="2026-05-22T09:41:57 IST" name="verifyCartCountTest" finished-at="2026-05-22T09:41:57 IST" duration-ms="214" status="SKIP">
          <exception class="java.lang.AssertionError">
            <message>
              <![CDATA[Cart count should be 3 after adding 3 products! expected [3] but found [2]]]>
            </message>
            <full-stacktrace>
              <![CDATA[java.lang.AssertionError: Cart count should be 3 after adding 3 products! expected [3] but found [2]
at org.testng.Assert.fail(Assert.java:111)
at org.testng.Assert.failNotEquals(Assert.java:1590)
at org.testng.Assert.assertEqualsImpl(Assert.java:150)
at org.testng.Assert.assertEquals(Assert.java:132)
at org.testng.Assert.assertEquals(Assert.java:656)
at com.saucedemo.tests.CartTest.verifyCartCountTest(CartTest.java:38)
at java.base/jdk.internal.reflect.DirectMethodHandleAccessor.invoke(DirectMethodHandleAccessor.java:103)
at java.base/java.lang.reflect.Method.invoke(Method.java:580)
at org.testng.internal.invokers.MethodInvocationHelper.invokeMethod(MethodInvocationHelper.java:141)
at org.testng.internal.invokers.TestInvoker.invokeMethod(TestInvoker.java:697)
at org.testng.internal.invokers.TestInvoker.retryFailed(TestInvoker.java:280)
at org.testng.internal.invokers.MethodRunner.runInSequence(MethodRunner.java:76)
at org.testng.internal.invokers.TestInvoker$MethodInvocationAgent.invoke(TestInvoker.java:1005)
at org.testng.internal.invokers.TestInvoker.invokeTestMethods(TestInvoker.java:203)
at org.testng.internal.invokers.TestMethodWorker.invokeTestMethods(TestMethodWorker.java:154)
at org.testng.internal.invokers.TestMethodWorker.run(TestMethodWorker.java:134)
at java.base/java.util.concurrent.Executors$RunnableAdapter.call(Executors.java:572)
at java.base/java.util.concurrent.FutureTask.run(FutureTask.java:317)
at org.testng.internal.thread.graph.TestNGFutureTask.run(TestNGFutureTask.java:22)
at java.base/java.util.concurrent.ThreadPoolExecutor.runWorker(ThreadPoolExecutor.java:1144)
at java.base/java.util.concurrent.ThreadPoolExecutor$Worker.run(ThreadPoolExecutor.java:642)
at java.base/java.lang.Thread.run(Thread.java:1583)
]]>
            </full-stacktrace>
          </exception> <!-- java.lang.AssertionError -->
          <reporter-output>
          </reporter-output>
        </test-method> <!-- verifyCartCountTest -->
        <test-method retried="true" signature="removeProductFromCartTest()[pri:0, instance:com.saucedemo.tests.CartTest@b40bb6e]" started-at="2026-05-22T09:41:57 IST" name="removeProductFromCartTest" finished-at="2026-05-22T09:41:57 IST" duration-ms="95" status="SKIP">
          <exception class="java.lang.AssertionError">
            <message>
              <![CDATA[Cart count should be 1 after adding! expected [1] but found [2]]]>
            </message>
            <full-stacktrace>
              <![CDATA[java.lang.AssertionError: Cart count should be 1 after adding! expected [1] but found [2]
at org.testng.Assert.fail(Assert.java:111)
at org.testng.Assert.failNotEquals(Assert.java:1590)
at org.testng.Assert.assertEqualsImpl(Assert.java:150)
at org.testng.Assert.assertEquals(Assert.java:132)
at org.testng.Assert.assertEquals(Assert.java:656)
at com.saucedemo.tests.CartTest.removeProductFromCartTest(CartTest.java:45)
at java.base/jdk.internal.reflect.DirectMethodHandleAccessor.invoke(DirectMethodHandleAccessor.java:103)
at java.base/java.lang.reflect.Method.invoke(Method.java:580)
at org.testng.internal.invokers.MethodInvocationHelper.invokeMethod(MethodInvocationHelper.java:141)
at org.testng.internal.invokers.TestInvoker.invokeMethod(TestInvoker.java:697)
at org.testng.internal.invokers.TestInvoker.retryFailed(TestInvoker.java:280)
at org.testng.internal.invokers.MethodRunner.runInSequence(MethodRunner.java:76)
at org.testng.internal.invokers.TestInvoker$MethodInvocationAgent.invoke(TestInvoker.java:1005)
at org.testng.internal.invokers.TestInvoker.invokeTestMethods(TestInvoker.java:203)
at org.testng.internal.invokers.TestMethodWorker.invokeTestMethods(TestMethodWorker.java:154)
at org.testng.internal.invokers.TestMethodWorker.run(TestMethodWorker.java:134)
at java.base/java.util.concurrent.Executors$RunnableAdapter.call(Executors.java:572)
at java.base/java.util.concurrent.FutureTask.run(FutureTask.java:317)
at org.testng.internal.thread.graph.TestNGFutureTask.run(TestNGFutureTask.java:22)
at java.base/java.util.concurrent.ThreadPoolExecutor.runWorker(ThreadPoolExecutor.java:1144)
at java.base/java.util.concurrent.ThreadPoolExecutor$Worker.run(ThreadPoolExecutor.java:642)
at java.base/java.lang.Thread.run(Thread.java:1583)
]]>
            </full-stacktrace>
          </exception> <!-- java.lang.AssertionError -->
          <reporter-output>
          </reporter-output>
        </test-method> <!-- removeProductFromCartTest -->
        <test-method is-config="true" signature="tearDown(org.testng.ITestResult)[pri:0, instance:com.saucedemo.tests.CartTest@b40bb6e]" started-at="2026-05-22T09:41:57 IST" name="tearDown" finished-at="2026-05-22T09:41:57 IST" duration-ms="95" status="PASS">
          <params>
            <param index="0">
              <value>
                <![CDATA[[TestResult name=removeProductFromCartTest status=SKIP method=CartTest.removeProductFromCartTest()[pri:0, instance:com.saucedemo.tests.CartTest@b40bb6e] output={null}]]]>
              </value>
            </param>
          </params>
          <reporter-output>
          </reporter-output>
        </test-method> <!-- tearDown -->
        <test-method is-config="true" signature="tearDown(org.testng.ITestResult)[pri:0, instance:com.saucedemo.tests.CartTest@b40bb6e]" started-at="2026-05-22T09:41:57 IST" name="tearDown" finished-at="2026-05-22T09:41:57 IST" duration-ms="94" status="PASS">
          <params>
            <param index="0">
              <value>
                <![CDATA[[TestResult name=verifyCartCountTest status=SKIP method=CartTest.verifyCartCountTest()[pri:0, instance:com.saucedemo.tests.CartTest@b40bb6e] output={null}]]]>
              </value>
            </param>
          </params>
          <reporter-output>
          </reporter-output>
        </test-method> <!-- tearDown -->
        <test-method is-config="true" signature="setUp()[pri:0, instance:com.saucedemo.tests.CartTest@b40bb6e]" started-at="2026-05-22T09:41:57 IST" name="setUp" finished-at="2026-05-22T09:41:59 IST" duration-ms="1847" status="PASS">
          <reporter-output>
          </reporter-output>
        </test-method> <!-- setUp -->
        <test-method is-config="true" signature="setUp()[pri:0, instance:com.saucedemo.tests.CartTest@b40bb6e]" started-at="2026-05-22T09:41:57 IST" name="setUp" finished-at="2026-05-22T09:41:59 IST" duration-ms="2064" status="PASS">
          <reporter-output>
          </reporter-output>
        </test-method> <!-- setUp -->
        <test-method is-config="true" signature="login()[pri:0, instance:com.saucedemo.tests.CartTest@b40bb6e]" started-at="2026-05-22T09:41:59 IST" name="login" finished-at="2026-05-22T09:41:59 IST" duration-ms="188" status="PASS">
          <reporter-output>
          </reporter-output>
        </test-method> <!-- login -->
        <test-method signature="removeProductFromCartTest()[pri:0, instance:com.saucedemo.tests.CartTest@b40bb6e]" started-at="2026-05-22T09:41:59 IST" name="removeProductFromCartTest" finished-at="2026-05-22T09:42:09 IST" duration-ms="10166" status="PASS">
          <reporter-output>
          </reporter-output>
        </test-method> <!-- removeProductFromCartTest -->
        <test-method is-config="true" signature="login()[pri:0, instance:com.saucedemo.tests.CartTest@b40bb6e]" started-at="2026-05-22T09:41:59 IST" name="login" finished-at="2026-05-22T09:41:59 IST" duration-ms="186" status="PASS">
          <reporter-output>
          </reporter-output>
        </test-method> <!-- login -->
        <test-method signature="verifyCartCountTest()[pri:0, instance:com.saucedemo.tests.CartTest@b40bb6e]" started-at="2026-05-22T09:41:59 IST" name="verifyCartCountTest" finished-at="2026-05-22T09:41:59 IST" duration-ms="132" status="PASS">
          <reporter-output>
          </reporter-output>
        </test-method> <!-- verifyCartCountTest -->
        <test-method is-config="true" signature="tearDown(org.testng.ITestResult)[pri:0, instance:com.saucedemo.tests.CartTest@b40bb6e]" started-at="2026-05-22T09:41:59 IST" name="tearDown" finished-at="2026-05-22T09:41:59 IST" duration-ms="93" status="PASS">
          <params>
            <param index="0">
              <value>
                <![CDATA[[TestResult name=verifyCartCountTest status=SUCCESS method=CartTest.verifyCartCountTest()[pri:0, instance:com.saucedemo.tests.CartTest@b40bb6e] output={null}]]]>
              </value>
            </param>
          </params>
          <reporter-output>
          </reporter-output>
        </test-method> <!-- tearDown -->
        <test-method is-config="true" signature="tearDown(org.testng.ITestResult)[pri:0, instance:com.saucedemo.tests.CartTest@b40bb6e]" started-at="2026-05-22T09:42:09 IST" name="tearDown" finished-at="2026-05-22T09:42:09 IST" duration-ms="91" status="PASS">
          <params>
            <param index="0">
              <value>
                <![CDATA[[TestResult name=removeProductFromCartTest status=SUCCESS method=CartTest.removeProductFromCartTest()[pri:0, instance:com.saucedemo.tests.CartTest@b40bb6e] output={null}]]]>
              </value>
            </param>
          </params>
          <reporter-output>
          </reporter-output>
        </test-method> <!-- tearDown -->
      </class> <!-- com.saucedemo.tests.CartTest -->
      <class name="com.saucedemo.tests.LogoutAndSortTest">
        <test-method is-config="true" signature="setUp()[pri:0, instance:com.saucedemo.tests.LogoutAndSortTest@5b58ed3c]" started-at="2026-05-22T09:42:03 IST" name="setUp" finished-at="2026-05-22T09:42:05 IST" duration-ms="1588" status="PASS">
          <reporter-output>
          </reporter-output>
        </test-method> <!-- setUp -->
        <test-method is-config="true" signature="login()[pri:0, instance:com.saucedemo.tests.LogoutAndSortTest@5b58ed3c]" started-at="2026-05-22T09:42:05 IST" name="login" finished-at="2026-05-22T09:42:05 IST" duration-ms="195" status="PASS">
          <reporter-output>
          </reporter-output>
        </test-method> <!-- login -->
        <test-method signature="logoutTest()[pri:0, instance:com.saucedemo.tests.LogoutAndSortTest@5b58ed3c]" started-at="2026-05-22T09:42:05 IST" name="logoutTest" finished-at="2026-05-22T09:42:06 IST" duration-ms="446" status="PASS">
          <reporter-output>
          </reporter-output>
        </test-method> <!-- logoutTest -->
        <test-method is-config="true" signature="tearDown(org.testng.ITestResult)[pri:0, instance:com.saucedemo.tests.LogoutAndSortTest@5b58ed3c]" started-at="2026-05-22T09:42:06 IST" name="tearDown" finished-at="2026-05-22T09:42:06 IST" duration-ms="89" status="PASS">
          <params>
            <param index="0">
              <value>
                <![CDATA[[TestResult name=logoutTest status=SUCCESS method=LogoutAndSortTest.logoutTest()[pri:0, instance:com.saucedemo.tests.LogoutAndSortTest@5b58ed3c] output={null}]]]>
              </value>
            </param>
          </params>
          <reporter-output>
          </reporter-output>
        </test-method> <!-- tearDown -->
        <test-method is-config="true" signature="setUp()[pri:0, instance:com.saucedemo.tests.LogoutAndSortTest@5b58ed3c]" started-at="2026-05-22T09:42:06 IST" name="setUp" finished-at="2026-05-22T09:42:08 IST" duration-ms="1697" status="PASS">
          <reporter-output>
          </reporter-output>
        </test-method> <!-- setUp -->
        <test-method is-config="true" signature="login()[pri:0, instance:com.saucedemo.tests.LogoutAndSortTest@5b58ed3c]" started-at="2026-05-22T09:42:08 IST" name="login" finished-at="2026-05-22T09:42:08 IST" duration-ms="206" status="PASS">
          <reporter-output>
          </reporter-output>
        </test-method> <!-- login -->
        <test-method is-config="true" signature="setUp()[pri:0, instance:com.saucedemo.tests.LogoutAndSortTest@5b58ed3c]" started-at="2026-05-22T09:42:08 IST" name="setUp" finished-at="2026-05-22T09:42:09 IST" duration-ms="1665" status="PASS">
          <reporter-output>
          </reporter-output>
        </test-method> <!-- setUp -->
        <test-method signature="sortProductsAtoZTest()[pri:0, instance:com.saucedemo.tests.LogoutAndSortTest@5b58ed3c]" started-at="2026-05-22T09:42:08 IST" name="sortProductsAtoZTest" finished-at="2026-05-22T09:42:08 IST" duration-ms="95" status="PASS">
          <reporter-output>
          </reporter-output>
        </test-method> <!-- sortProductsAtoZTest -->
        <test-method is-config="true" signature="tearDown(org.testng.ITestResult)[pri:0, instance:com.saucedemo.tests.LogoutAndSortTest@5b58ed3c]" started-at="2026-05-22T09:42:08 IST" name="tearDown" finished-at="2026-05-22T09:42:08 IST" duration-ms="95" status="PASS">
          <params>
            <param index="0">
              <value>
                <![CDATA[[TestResult name=sortProductsAtoZTest status=SUCCESS method=LogoutAndSortTest.sortProductsAtoZTest()[pri:0, instance:com.saucedemo.tests.LogoutAndSortTest@5b58ed3c] output={null}]]]>
              </value>
            </param>
          </params>
          <reporter-output>
          </reporter-output>
        </test-method> <!-- tearDown -->
        <test-method is-config="true" signature="setUp()[pri:0, instance:com.saucedemo.tests.LogoutAndSortTest@5b58ed3c]" started-at="2026-05-22T09:42:08 IST" name="setUp" finished-at="2026-05-22T09:42:10 IST" duration-ms="1832" status="PASS">
          <reporter-output>
          </reporter-output>
        </test-method> <!-- setUp -->
        <test-method is-config="true" signature="login()[pri:0, instance:com.saucedemo.tests.LogoutAndSortTest@5b58ed3c]" started-at="2026-05-22T09:42:09 IST" name="login" finished-at="2026-05-22T09:42:10 IST" duration-ms="339" status="PASS">
          <reporter-output>
          </reporter-output>
        </test-method> <!-- login -->
        <test-method signature="sortProductsHighToLowTest()[pri:0, instance:com.saucedemo.tests.LogoutAndSortTest@5b58ed3c]" started-at="2026-05-22T09:42:10 IST" name="sortProductsHighToLowTest" finished-at="2026-05-22T09:42:10 IST" duration-ms="267" status="PASS">
          <reporter-output>
          </reporter-output>
        </test-method> <!-- sortProductsHighToLowTest -->
        <test-method is-config="true" signature="login()[pri:0, instance:com.saucedemo.tests.LogoutAndSortTest@5b58ed3c]" started-at="2026-05-22T09:42:10 IST" name="login" finished-at="2026-05-22T09:42:10 IST" duration-ms="339" status="PASS">
          <reporter-output>
          </reporter-output>
        </test-method> <!-- login -->
        <test-method is-config="true" signature="tearDown(org.testng.ITestResult)[pri:0, instance:com.saucedemo.tests.LogoutAndSortTest@5b58ed3c]" started-at="2026-05-22T09:42:10 IST" name="tearDown" finished-at="2026-05-22T09:42:10 IST" duration-ms="104" status="PASS">
          <params>
            <param index="0">
              <value>
                <![CDATA[[TestResult name=sortProductsHighToLowTest status=SUCCESS method=LogoutAndSortTest.sortProductsHighToLowTest()[pri:0, instance:com.saucedemo.tests.LogoutAndSortTest@5b58ed3c] output={null}]]]>
              </value>
            </param>
          </params>
          <reporter-output>
          </reporter-output>
        </test-method> <!-- tearDown -->
        <test-method signature="sortProductsLowToHighTest()[pri:0, instance:com.saucedemo.tests.LogoutAndSortTest@5b58ed3c]" started-at="2026-05-22T09:42:10 IST" name="sortProductsLowToHighTest" finished-at="2026-05-22T09:42:10 IST" duration-ms="106" status="PASS">
          <reporter-output>
          </reporter-output>
        </test-method> <!-- sortProductsLowToHighTest -->
        <test-method is-config="true" signature="tearDown(org.testng.ITestResult)[pri:0, instance:com.saucedemo.tests.LogoutAndSortTest@5b58ed3c]" started-at="2026-05-22T09:42:10 IST" name="tearDown" finished-at="2026-05-22T09:42:10 IST" duration-ms="91" status="PASS">
          <params>
            <param index="0">
              <value>
                <![CDATA[[TestResult name=sortProductsLowToHighTest status=SUCCESS method=LogoutAndSortTest.sortProductsLowToHighTest()[pri:0, instance:com.saucedemo.tests.LogoutAndSortTest@5b58ed3c] output={null}]]]>
              </value>
            </param>
          </params>
          <reporter-output>
          </reporter-output>
        </test-method> <!-- tearDown -->
      </class> <!-- com.saucedemo.tests.LogoutAndSortTest -->
    </test> <!-- Smoke Tests -->
  </suite> <!-- SauceDemo Test Suite -->
</testng-results>
