<?xml version="1.0" encoding="UTF-8"?>
<!-- Generated by org.testng.reporters.JUnitReportReporter -->
<testsuite hostname="Rakeshs-MacBook-Air.local" failures="0" tests="10" name="com.saucedemo.tests.DataDrivenLoginTest" time="68.769" errors="0" timestamp="2026-05-22T10:55:03 IST" skipped="0">
  <testcase classname="com.saucedemo.tests.DataDrivenLoginTest" name="loginTest" time="1.891"/>
  <testcase classname="com.saucedemo.tests.DataDrivenLoginTest" name="loginTest" time="1.873"/>
  <testcase classname="com.saucedemo.tests.DataDrivenLoginTest" name="loginTest" time="1.976"/>
  <testcase classname="com.saucedemo.tests.DataDrivenLoginTest" name="loginTest" time="11.941"/>
  <testcase classname="com.saucedemo.tests.DataDrivenLoginTest" name="loginTest" time="2.015"/>
  <testcase classname="com.saucedemo.tests.DataDrivenLoginTest" name="loginTest" time="11.813"/>
  <testcase classname="com.saucedemo.tests.DataDrivenLoginTest" name="loginTest" time="11.724"/>
  <testcase classname="com.saucedemo.tests.DataDrivenLoginTest" name="loginTest" time="11.653"/>
  <testcase classname="com.saucedemo.tests.DataDrivenLoginTest" name="loginTest" time="2.025"/>
  <testcase classname="com.saucedemo.tests.DataDrivenLoginTest" name="loginTest" time="11.858"/>
</testsuite> <!-- com.saucedemo.tests.DataDrivenLoginTest -->
