<?xml version="1.0" encoding="UTF-8"?>
<!-- Generated by org.testng.reporters.JUnitReportReporter -->
<testsuite hostname="Rakeshs-MacBook-Air.local" failures="0" tests="4" name="com.saucedemo.tests.CheckoutTest" time="20.165" errors="0" timestamp="2026-05-22T09:42:19 IST" skipped="1">
  <testcase classname="com.saucedemo.tests.CheckoutTest" name="checkoutWithoutInfoTest" time="13.332">
    <skipped/>
  </testcase> <!-- checkoutWithoutInfoTest -->
  <testcase classname="com.saucedemo.tests.CheckoutTest" name="completeCheckoutTest" time="2.274"/>
  <testcase classname="com.saucedemo.tests.CheckoutTest" name="verifyCartItemsBeforeCheckoutTest" time="2.520"/>
  <testcase classname="com.saucedemo.tests.CheckoutTest" name="checkoutWithoutInfoTest" time="2.039"/>
</testsuite> <!-- com.saucedemo.tests.CheckoutTest -->
