<?xml version="1.0" encoding="UTF-8"?>
<!-- Generated by org.testng.reporters.JUnitReportReporter -->
<testsuite hostname="Rakeshs-MacBook-Air.local" failures="0" tests="5" name="com.saucedemo.tests.LoginTest" time="70.296" errors="0" timestamp="2026-05-22T10:55:03 IST" skipped="1">
  <testcase classname="com.saucedemo.tests.LoginTest" name="invalidLoginTest" time="18.027"/>
  <testcase classname="com.saucedemo.tests.LoginTest" name="invalidLoginTest" time="4.220"/>
  <testcase classname="com.saucedemo.tests.LoginTest" name="validLoginTest" time="4.117"/>
  <testcase classname="com.saucedemo.tests.LoginTest" name="validLoginTest" time="11.970"/>
  <testcase classname="com.saucedemo.tests.LoginTest" name="invalidLoginTest" time="31.962">
    <skipped/>
  </testcase> <!-- invalidLoginTest -->
</testsuite> <!-- com.saucedemo.tests.LoginTest -->
