<?xml version="1.0" encoding="UTF-8"?>
<!-- Generated by org.testng.reporters.JUnitReportReporter -->
<testsuite hostname="Rakeshs-MacBook-Air.local" failures="0" tests="10" name="com.saucedemo.tests.LogoutAndSortTest" time="81.427" errors="1" timestamp="2026-05-22T10:55:03 IST" skipped="2">
  <testcase classname="com.saucedemo.tests.LogoutAndSortTest" name="sortProductsLowToHighTest" time="12.246"/>
  <testcase classname="com.saucedemo.tests.LogoutAndSortTest" name="logoutTest" time="11.853">
    <skipped/>
  </testcase> <!-- logoutTest -->
  <testcase classname="com.saucedemo.tests.LogoutAndSortTest" name="sortProductsHighToLowTest" time="12.426"/>
  <testcase classname="com.saucedemo.tests.LogoutAndSortTest" name="logoutTest" time="12.070">
    <error message="Build info: version: &#039;4.44.0&#039;, revision: &#039;da2039b&#039;
System info: os.name: &#039;Mac OS X&#039;, os.arch: &#039;aarch64&#039;, os.version: &#039;26.5&#039;, java.version: &#039;21.0.10&#039;
Driver info: org.openqa.selenium.safari.SafariDriver
Command: [91467887-C4B7-4576-9E5D-705E20C0AE2A, clickElement {id=node-3B9402A7-F2E2-40C5-AB19-26D1B9C10314}]
Capabilities {acceptInsecureCerts: false, browserName: Safari, browserVersion: 26.5, platformName: mac, safari:automaticInspection: false, safari:automaticProfiling: false, safari:diagnose: false, safari:experimentalWebSocketUrl: false, safari:platformBuildVersion: 25F71, safari:platformVersion: 26.5, safari:useSimulator: false, setWindowRect: true, strictFileInteractability: false, webkit:WebRTC: {DisableICECandidateFiltering: false, DisableInsecureMediaCapture: false}, webkit:alwaysAllowAutoplay: false}
Element: [[SafariDriver: Safari on mac (91467887-C4B7-4576-9E5D-705E20C0AE2A)] -&gt; id: logout_sidebar_link]
Session ID: 91467887-C4B7-4576-9E5D-705E20C0AE2A" type="org.openqa.selenium.ElementNotInteractableException">
      <![CDATA[org.openqa.selenium.ElementNotInteractableException: Build info: version: '4.44.0', revision: 'da2039b'
System info: os.name: 'Mac OS X', os.arch: 'aarch64', os.version: '26.5', java.version: '21.0.10'
Driver info: org.openqa.selenium.safari.SafariDriver
Command: [91467887-C4B7-4576-9E5D-705E20C0AE2A, clickElement {id=node-3B9402A7-F2E2-40C5-AB19-26D1B9C10314}]
Capabilities {acceptInsecureCerts: false, browserName: Safari, browserVersion: 26.5, platformName: mac, safari:automaticInspection: false, safari:automaticProfiling: false, safari:diagnose: false, safari:experimentalWebSocketUrl: false, safari:platformBuildVersion: 25F71, safari:platformVersion: 26.5, safari:useSimulator: false, setWindowRect: true, strictFileInteractability: false, webkit:WebRTC: {DisableICECandidateFiltering: false, DisableInsecureMediaCapture: false}, webkit:alwaysAllowAutoplay: false}
Element: [[SafariDriver: Safari on mac (91467887-C4B7-4576-9E5D-705E20C0AE2A)] -> id: logout_sidebar_link]
Session ID: 91467887-C4B7-4576-9E5D-705E20C0AE2A
at org.openqa.selenium.remote.ErrorCodec.decode(ErrorCodec.java:169)
at org.openqa.selenium.remote.codec.w3c.W3CHttpResponseCodec.decode(W3CHttpResponseCodec.java:143)
at org.openqa.selenium.remote.codec.w3c.W3CHttpResponseCodec.decode(W3CHttpResponseCodec.java:50)
at org.openqa.selenium.remote.HttpCommandExecutor.execute(HttpCommandExecutor.java:224)
at org.openqa.selenium.remote.service.DriverCommandExecutor.invokeExecute(DriverCommandExecutor.java:217)
at org.openqa.selenium.remote.service.DriverCommandExecutor.execute(DriverCommandExecutor.java:175)
at org.openqa.selenium.remote.RemoteWebDriver.execute(RemoteWebDriver.java:600)
at org.openqa.selenium.remote.RemoteWebElement.execute(RemoteWebElement.java:225)
at org.openqa.selenium.remote.RemoteWebElement.click(RemoteWebElement.java:79)
at java.base/jdk.internal.reflect.DirectMethodHandleAccessor.invoke(DirectMethodHandleAccessor.java:103)
at java.base/java.lang.reflect.Method.invoke(Method.java:580)
at org.openqa.selenium.support.pagefactory.internal.LocatingElementHandler.invoke(LocatingElementHandler.java:51)
at jdk.proxy2/jdk.proxy2.$Proxy32.click(Unknown Source)
at com.saucedemo.pages.InventoryPage.clickLogout(InventoryPage.java:97)
at com.saucedemo.pages.InventoryPage.logout(InventoryPage.java:102)
at com.saucedemo.tests.LogoutAndSortTest.logoutTest(LogoutAndSortTest.java:26)
at java.base/jdk.internal.reflect.DirectMethodHandleAccessor.invoke(DirectMethodHandleAccessor.java:103)
at java.base/java.lang.reflect.Method.invoke(Method.java:580)
at org.testng.internal.invokers.MethodInvocationHelper.invokeMethod(MethodInvocationHelper.java:141)
at org.testng.internal.invokers.TestInvoker.invokeMethod(TestInvoker.java:697)
at org.testng.internal.invokers.TestInvoker.retryFailed(TestInvoker.java:280)
at org.testng.internal.invokers.MethodRunner.runInSequence(MethodRunner.java:76)
at org.testng.internal.invokers.TestInvoker$MethodInvocationAgent.invoke(TestInvoker.java:1005)
at org.testng.internal.invokers.TestInvoker.invokeTestMethods(TestInvoker.java:203)
at org.testng.internal.invokers.TestMethodWorker.invokeTestMethods(TestMethodWorker.java:154)
at org.testng.internal.invokers.TestMethodWorker.run(TestMethodWorker.java:134)
at java.base/java.util.ArrayList.forEach(ArrayList.java:1596)
at org.testng.TestRunner.privateRun(TestRunner.java:744)
at org.testng.TestRunner.run(TestRunner.java:616)
at org.testng.SuiteRunner.runTest(SuiteRunner.java:421)
at org.testng.SuiteRunner$SuiteWorker.run(SuiteRunner.java:463)
at org.testng.internal.thread.ThreadUtil.lambda$execute$0(ThreadUtil.java:64)
at java.base/java.util.concurrent.FutureTask.run(FutureTask.java:317)
at java.base/java.util.concurrent.ThreadPoolExecutor.runWorker(ThreadPoolExecutor.java:1144)
at java.base/java.util.concurrent.ThreadPoolExecutor$Worker.run(ThreadPoolExecutor.java:642)
at java.base/java.lang.Thread.run(Thread.java:1583)
]]>
    </error>
  </testcase> <!-- logoutTest -->
  <testcase classname="com.saucedemo.tests.LogoutAndSortTest" name="logoutTest" time="2.135"/>
  <testcase classname="com.saucedemo.tests.LogoutAndSortTest" name="sortProductsLowToHighTest" time="2.322"/>
  <testcase classname="com.saucedemo.tests.LogoutAndSortTest" name="logoutTest" time="12.147">
    <skipped/>
  </testcase> <!-- logoutTest -->
  <testcase classname="com.saucedemo.tests.LogoutAndSortTest" name="sortProductsHighToLowTest" time="2.244"/>
  <testcase classname="com.saucedemo.tests.LogoutAndSortTest" name="sortProductsAtoZTest" time="2.119"/>
  <testcase classname="com.saucedemo.tests.LogoutAndSortTest" name="sortProductsAtoZTest" time="11.865"/>
</testsuite> <!-- com.saucedemo.tests.LogoutAndSortTest -->
