<?xml version="1.0" encoding="UTF-8"?>
<!-- Generated by org.testng.reporters.JUnitReportReporter -->
<testsuite hostname="Rakeshs-MacBook-Air.local" failures="0" tests="7" name="com.saucedemo.tests.CartTest" time="79.662" errors="0" timestamp="2026-05-22T10:55:03 IST" skipped="1">
  <testcase classname="com.saucedemo.tests.CartTest" name="verifyCartCountTest" time="12.066"/>
  <testcase classname="com.saucedemo.tests.CartTest" name="removeProductFromCartTest" time="13.253"/>
  <testcase classname="com.saucedemo.tests.CartTest" name="addProductToCartTest" time="3.859"/>
  <testcase classname="com.saucedemo.tests.CartTest" name="verifyCartCountTest" time="3.642"/>
  <testcase classname="com.saucedemo.tests.CartTest" name="removeProductFromCartTest" time="2.621">
    <skipped/>
  </testcase> <!-- removeProductFromCartTest -->
  <testcase classname="com.saucedemo.tests.CartTest" name="removeProductFromCartTest" time="32.186"/>
  <testcase classname="com.saucedemo.tests.CartTest" name="addProductToCartTest" time="12.035"/>
</testsuite> <!-- com.saucedemo.tests.CartTest -->
