<?xml version="1.0" encoding="UTF-8"?>
<!-- Generated by org.testng.reporters.JUnitReportReporter -->
<testsuite hostname="Rakeshs-MacBook-Air.local" failures="0" tests="5" name="com.saucedemo.tests.DataDrivenLoginTest" time="9.583" errors="0" timestamp="2026-05-22T09:42:19 IST" skipped="0">
  <testcase classname="com.saucedemo.tests.DataDrivenLoginTest" name="loginTest" time="1.935"/>
  <testcase classname="com.saucedemo.tests.DataDrivenLoginTest" name="loginTest" time="2.082"/>
  <testcase classname="com.saucedemo.tests.DataDrivenLoginTest" name="loginTest" time="1.961"/>
  <testcase classname="com.saucedemo.tests.DataDrivenLoginTest" name="loginTest" time="1.775"/>
  <testcase classname="com.saucedemo.tests.DataDrivenLoginTest" name="loginTest" time="1.830"/>
</testsuite> <!-- com.saucedemo.tests.DataDrivenLoginTest -->
