<?xml version="1.0" encoding="UTF-8"?>
<!-- Generated by org.testng.reporters.JUnitReportReporter -->
<testsuite hostname="Rakeshs-MacBook-Air.local" failures="0" tests="7" name="com.saucedemo.tests.CartTest" time="30.816" errors="0" timestamp="2026-05-22T09:42:19 IST" skipped="4">
  <testcase classname="com.saucedemo.tests.CartTest" name="removeProductFromCartTest" time="3.173">
    <skipped/>
  </testcase> <!-- removeProductFromCartTest -->
  <testcase classname="com.saucedemo.tests.CartTest" name="removeProductFromCartTest" time="12.513"/>
  <testcase classname="com.saucedemo.tests.CartTest" name="verifyCartCountTest" time="3.815"/>
  <testcase classname="com.saucedemo.tests.CartTest" name="verifyCartCountTest" time="2.786">
    <skipped/>
  </testcase> <!-- verifyCartCountTest -->
  <testcase classname="com.saucedemo.tests.CartTest" name="verifyCartCountTest" time="2.489">
    <skipped/>
  </testcase> <!-- verifyCartCountTest -->
  <testcase classname="com.saucedemo.tests.CartTest" name="addProductToCartTest" time="2.904"/>
  <testcase classname="com.saucedemo.tests.CartTest" name="removeProductFromCartTest" time="3.136">
    <skipped/>
  </testcase> <!-- removeProductFromCartTest -->
</testsuite> <!-- com.saucedemo.tests.CartTest -->
