<?xml version="1.0" encoding="UTF-8"?>
<!-- Generated by org.testng.reporters.JUnitReportReporter -->
<testsuite hostname="Rakeshs-MacBook-Air.local" failures="0" tests="2" name="com.saucedemo.tests.LoginTest" time="8.828" errors="0" timestamp="2026-05-22T09:42:19 IST" skipped="0">
  <testcase classname="com.saucedemo.tests.LoginTest" name="invalidLoginTest" time="4.782"/>
  <testcase classname="com.saucedemo.tests.LoginTest" name="validLoginTest" time="4.046"/>
</testsuite> <!-- com.saucedemo.tests.LoginTest -->
