<?xml version="1.0" encoding="UTF-8"?>
<!-- Generated by org.testng.reporters.JUnitReportReporter -->
<testsuite hostname="Rakeshs-MacBook-Air.local" failures="0" tests="6" name="com.saucedemo.tests.CheckoutTest" time="45.005" errors="0" timestamp="2026-05-22T10:55:03 IST" skipped="0">
  <testcase classname="com.saucedemo.tests.CheckoutTest" name="checkoutWithoutInfoTest" time="2.611"/>
  <testcase classname="com.saucedemo.tests.CheckoutTest" name="completeCheckoutTest" time="12.136"/>
  <testcase classname="com.saucedemo.tests.CheckoutTest" name="verifyCartItemsBeforeCheckoutTest" time="2.706"/>
  <testcase classname="com.saucedemo.tests.CheckoutTest" name="checkoutWithoutInfoTest" time="12.063"/>
  <testcase classname="com.saucedemo.tests.CheckoutTest" name="completeCheckoutTest" time="3.461"/>
  <testcase classname="com.saucedemo.tests.CheckoutTest" name="verifyCartItemsBeforeCheckoutTest" time="12.028"/>
</testsuite> <!-- com.saucedemo.tests.CheckoutTest -->
