<?xml version="1.0" encoding="UTF-8"?>
<!-- Generated by org.testng.reporters.JUnitReportReporter -->
<testsuite hostname="Rakeshs-MacBook-Air.local" failures="0" tests="4" name="com.saucedemo.tests.LogoutAndSortTest" time="9.154" errors="0" timestamp="2026-05-22T09:42:19 IST" skipped="0">
  <testcase classname="com.saucedemo.tests.LogoutAndSortTest" name="sortProductsHighToLowTest" time="2.527"/>
  <testcase classname="com.saucedemo.tests.LogoutAndSortTest" name="sortProductsAtoZTest" time="2.194"/>
  <testcase classname="com.saucedemo.tests.LogoutAndSortTest" name="logoutTest" time="2.440"/>
  <testcase classname="com.saucedemo.tests.LogoutAndSortTest" name="sortProductsLowToHighTest" time="1.993"/>
</testsuite> <!-- com.saucedemo.tests.LogoutAndSortTest -->
